New log file opened at Sat Dec 26 23:20:56 EST 2015 by 2048@ryan-Ubuntu
Taking next connection to: 39592
New client attempting to connect on port: 48064-39592
  Address = /127.0.1.1:39592
This client on port 48064 has uuid 1b873626-bd1a-432b-959d-2ecfa76bef5d configName activator humanReadableName Activator protocolVersion 3 featureTags Vector()
Connected Clients: activator-1b873626-bd1a-432b-959d-2ecfa76bef5d
Taking next connection to: 39592
Checking to see if clients are empty...
We have 1 non-daemon clients, continuing serving connections.
Taking next connection to: 39592
Checking to see if clients are empty...
We have 1 non-daemon clients, continuing serving connections.
Taking next connection to: 39592
Checking to see if clients are empty...
We have 1 non-daemon clients, continuing serving connections.
Taking next connection to: 39592
Checking to see if clients are empty...
We have 1 non-daemon clients, continuing serving connections.
Taking next connection to: 39592
Checking to see if clients are empty...
We have 1 non-daemon clients, continuing serving connections.
Taking next connection to: 39592
Checking to see if clients are empty...
We have 1 non-daemon clients, continuing serving connections.
Taking next connection to: 39592
Checking to see if clients are empty...
No non-daemon clients connected after 3 min. Shutting down.
Server socket thread exiting.
0 clients open, will close them...
All client sockets have been closed.
Closing the 2048@ryan-Ubuntu logs at Sat Dec 26 23:41:57 EST 2015, goodbye.
